<?xml version="1.0" encoding="UTF-8"?>
<!-- Generated by org.testng.reporters.JUnitXMLReporter -->
<testsuite ignored="0" hostname="INHMT1E-DL1092" failures="0" tests="3" name="Default test" time="64.437" errors="0" timestamp="2021-06-12T20:11:26 IST">
  <testcase classname="com.cyient.test.SignupTestCase" name="signupTest" time="12.341"/>
  <testcase classname="com.cyient.test.SignupTestCase" name="signupTest" time="14.236"/>
  <testcase classname="com.cyient.test.SignupTestCase" name="signupTest" time="12.375"/>
</testsuite> <!-- Default test -->
