<?xml version="1.0" encoding="UTF-8"?>
<testng-results ignored="0" total="3" passed="3" failed="0" skipped="0">
  <reporter-output>
  </reporter-output>
  <suite started-at="2021-06-12T20:10:21 IST" name="Default suite" finished-at="2021-06-12T20:11:26 IST" duration-ms="64437">
    <groups>
    </groups>
    <test started-at="2021-06-12T20:10:21 IST" name="Default test" finished-at="2021-06-12T20:11:26 IST" duration-ms="64437">
      <class name="com.cyient.test.SignupTestCase">
        <test-method is-config="true" signature="setup()[pri:0, instance:com.cyient.test.SignupTestCase@5403f35f]" started-at="2021-06-12T20:10:23 IST" name="setup" finished-at="2021-06-12T20:10:30 IST" duration-ms="7256" status="PASS">
          <reporter-output>
          </reporter-output>
        </test-method> <!-- setup -->
        <test-method signature="signupTest(java.lang.String,java.lang.String,java.lang.String,java.lang.String,java.lang.String,java.lang.String)[pri:0, instance:com.cyient.test.SignupTestCase@5403f35f]" started-at="2021-06-12T20:10:30 IST" name="signupTest" data-provider="userExcelData" finished-at="2021-06-12T20:10:42 IST" duration-ms="12341" status="PASS">
          <params>
            <param index="0">
              <value>
                <![CDATA[Praveen]]>
              </value>
            </param>
            <param index="1">
              <value>
                <![CDATA[Kashyap]]>
              </value>
            </param>
            <param index="2">
              <value>
                <![CDATA[praveen@gmail.com]]>
              </value>
            </param>
            <param index="3">
              <value>
                <![CDATA[Praveen123@]]>
              </value>
            </param>
            <param index="4">
              <value>
                <![CDATA[Praveen123@]]>
              </value>
            </param>
            <param index="5">
              <value>
                <![CDATA[9999999999]]>
              </value>
            </param>
          </params>
          <reporter-output>
          </reporter-output>
        </test-method> <!-- signupTest -->
        <test-method is-config="true" signature="teardown()[pri:0, instance:com.cyient.test.SignupTestCase@5403f35f]" started-at="2021-06-12T20:10:42 IST" name="teardown" finished-at="2021-06-12T20:10:43 IST" duration-ms="980" status="PASS">
          <reporter-output>
          </reporter-output>
        </test-method> <!-- teardown -->
        <test-method is-config="true" signature="setup()[pri:0, instance:com.cyient.test.SignupTestCase@5403f35f]" started-at="2021-06-12T20:10:43 IST" name="setup" finished-at="2021-06-12T20:10:51 IST" duration-ms="7641" status="PASS">
          <reporter-output>
          </reporter-output>
        </test-method> <!-- setup -->
        <test-method signature="signupTest(java.lang.String,java.lang.String,java.lang.String,java.lang.String,java.lang.String,java.lang.String)[pri:0, instance:com.cyient.test.SignupTestCase@5403f35f]" started-at="2021-06-12T20:10:51 IST" name="signupTest" data-provider="userExcelData" finished-at="2021-06-12T20:11:05 IST" duration-ms="14236" status="PASS">
          <params>
            <param index="0">
              <value>
                <![CDATA[Uttam]]>
              </value>
            </param>
            <param index="1">
              <value>
                <![CDATA[Kashyap]]>
              </value>
            </param>
            <param index="2">
              <value>
                <![CDATA[uttam@gmail.com]]>
              </value>
            </param>
            <param index="3">
              <value>
                <![CDATA[Uttam123@]]>
              </value>
            </param>
            <param index="4">
              <value>
                <![CDATA[Uttam123@]]>
              </value>
            </param>
            <param index="5">
              <value>
                <![CDATA[8888888888]]>
              </value>
            </param>
          </params>
          <reporter-output>
          </reporter-output>
        </test-method> <!-- signupTest -->
        <test-method is-config="true" signature="teardown()[pri:0, instance:com.cyient.test.SignupTestCase@5403f35f]" started-at="2021-06-12T20:11:05 IST" name="teardown" finished-at="2021-06-12T20:11:06 IST" duration-ms="948" status="PASS">
          <reporter-output>
          </reporter-output>
        </test-method> <!-- teardown -->
        <test-method is-config="true" signature="setup()[pri:0, instance:com.cyient.test.SignupTestCase@5403f35f]" started-at="2021-06-12T20:11:06 IST" name="setup" finished-at="2021-06-12T20:11:13 IST" duration-ms="6319" status="PASS">
          <reporter-output>
          </reporter-output>
        </test-method> <!-- setup -->
        <test-method signature="signupTest(java.lang.String,java.lang.String,java.lang.String,java.lang.String,java.lang.String,java.lang.String)[pri:0, instance:com.cyient.test.SignupTestCase@5403f35f]" started-at="2021-06-12T20:11:13 IST" name="signupTest" data-provider="userExcelData" finished-at="2021-06-12T20:11:25 IST" duration-ms="12375" status="PASS">
          <params>
            <param index="0">
              <value>
                <![CDATA[Shyam]]>
              </value>
            </param>
            <param index="1">
              <value>
                <![CDATA[Kumar]]>
              </value>
            </param>
            <param index="2">
              <value>
                <![CDATA[shyam@gmail.com]]>
              </value>
            </param>
            <param index="3">
              <value>
                <![CDATA[Shyam123@]]>
              </value>
            </param>
            <param index="4">
              <value>
                <![CDATA[Shyam123@]]>
              </value>
            </param>
            <param index="5">
              <value>
                <![CDATA[9898989898]]>
              </value>
            </param>
          </params>
          <reporter-output>
          </reporter-output>
        </test-method> <!-- signupTest -->
        <test-method is-config="true" signature="teardown()[pri:0, instance:com.cyient.test.SignupTestCase@5403f35f]" started-at="2021-06-12T20:11:25 IST" name="teardown" finished-at="2021-06-12T20:11:26 IST" duration-ms="870" status="PASS">
          <reporter-output>
          </reporter-output>
        </test-method> <!-- teardown -->
      </class> <!-- com.cyient.test.SignupTestCase -->
    </test> <!-- Default test -->
  </suite> <!-- Default suite -->
</testng-results>
